<?xml version="1.0" encoding="UTF-8"?>
<testsuite name="ca.gbc.springsocial.SpringSocialApplicationTests" tests="1" skipped="0" failures="0" errors="0" timestamp="2023-10-19T00:30:15" hostname="VENUS" time="0.873">
  <properties/>
  <testcase name="contextLoads()" classname="ca.gbc.springsocial.SpringSocialApplicationTests" time="0.873"/>
  <system-out><![CDATA[20:30:14.014 [Test worker] INFO org.springframework.test.context.support.AnnotationConfigContextLoaderUtils -- Could not detect default configuration classes for test class [ca.gbc.springsocial.SpringSocialApplicationTests]: SpringSocialApplicationTests does not declare any static, non-private, non-final, nested classes annotated with @Configuration.
20:30:14.120 [Test worker] INFO org.springframework.boot.test.context.SpringBootTestContextBootstrapper -- Found @SpringBootConfiguration ca.gbc.springsocial.SpringSocialApplication for test class ca.gbc.springsocial.SpringSocialApplicationTests

  .   ____          _            __ _ _
 /\\ / ___'_ __ _ _(_)_ __  __ _ \ \ \ \
( ( )\___ | '_ | '_| | '_ \/ _` | \ \ \ \
 \\/  ___)| |_)| | | | | || (_| |  ) ) ) )
  '  |____| .__|_| |_|_| |_\__, | / / / /
 =========|_|==============|___/=/_/_/_/
 :: Spring Boot ::                (v3.1.4)

2023-10-18T20:30:14.513-04:00  INFO 18396 --- [    Test worker] c.g.s.SpringSocialApplicationTests       : Starting SpringSocialApplicationTests using Java 19.0.2 with PID 18396 (started by danes in C:\Users\danes\IdeaProjects\COMP3095-Assignment1\SpringSocial)
2023-10-18T20:30:14.514-04:00  INFO 18396 --- [    Test worker] c.g.s.SpringSocialApplicationTests       : No active profile set, falling back to 1 default profile: "default"
2023-10-18T20:30:15.019-04:00  INFO 18396 --- [    Test worker] c.g.s.SpringSocialApplicationTests       : Started SpringSocialApplicationTests in 0.735 seconds (process running for 2.002)
]]></system-out>
  <system-err><![CDATA[]]></system-err>
</testsuite>
